SF:lib/core/form_validators.dart
DA:2,0
DA:4,6
DA:6,2
DA:8,2
DA:9,4
DA:10,6
DA:11,2
DA:14,4
DA:16,6
DA:18,2
DA:19,2
DA:20,2
DA:23,0
DA:26,0
DA:32,2
DA:33,2
DA:34,2
DA:37,0
DA:40,0
DA:46,2
DA:47,2
DA:48,2
DA:51,0
DA:54,0
DA:60,2
DA:61,2
DA:62,4
DA:68,2
DA:69,2
DA:70,2
DA:73,8
DA:79,2
DA:85,1
DA:88,4
DA:93,4
DA:94,2
DA:96,2
LF:37
LH:30
end_of_record
SF:lib/features/dashboard/domain/dashboard_snapshot.dart
DA:4,1
DA:20,1
DA:36,1
DA:37,5
DA:39,4
DA:40,1
DA:41,5
DA:43,6
DA:44,1
DA:46,1
DA:47,1
DA:48,5
DA:50,1
DA:51,5
DA:53,1
DA:54,5
DA:57,1
DA:58,2
DA:59,3
DA:62,1
DA:63,5
DA:65,1
DA:66,2
DA:67,2
DA:68,1
DA:69,2
DA:71,1
DA:72,1
DA:76,2
DA:77,1
DA:78,2
DA:79,3
DA:80,0
DA:82,1
DA:83,1
DA:87,1
DA:88,2
DA:90,1
DA:91,1
DA:95,1
DA:97,1
DA:102,3
LF:42
LH:41
end_of_record
SF:lib/models/app_user.dart
DA:2,2
DA:20,1
DA:21,1
DA:22,1
DA:23,2
DA:24,1
DA:25,1
DA:26,1
DA:27,1
DA:30,0
DA:31,0
DA:33,1
DA:35,0
DA:39,0
DA:47,0
DA:48,0
DA:49,0
DA:50,0
DA:51,0
DA:52,0
DA:53,0
DA:54,0
DA:58,0
DA:59,0
DA:60,0
DA:61,0
DA:62,0
DA:63,0
DA:64,0
DA:65,0
DA:66,0
LF:31
LH:10
end_of_record
SF:lib/models/department.dart
DA:4,2
DA:21,0
DA:22,0
DA:23,0
DA:24,0
DA:25,0
DA:26,0
DA:30,0
DA:31,0
DA:32,0
DA:33,0
DA:34,0
DA:35,0
DA:39,0
DA:40,0
DA:41,0
DA:42,0
DA:43,0
DA:44,0
DA:50,0
DA:68,0
DA:69,0
DA:70,0
DA:71,0
DA:72,0
DA:75,0
DA:76,0
DA:77,0
DA:78,0
DA:79,0
DA:80,0
DA:81,0
DA:83,0
DA:84,0
DA:86,0
DA:87,0
DA:88,0
LF:37
LH:1
end_of_record
SF:lib/models/task_item.dart
DA:13,0
DA:15,0
DA:16,0
DA:17,0
DA:18,0
DA:24,3
DA:60,0
DA:61,0
DA:62,0
DA:63,0
DA:66,0
DA:67,0
DA:68,0
DA:70,0
DA:73,1
DA:78,2
DA:79,1
DA:81,1
DA:82,2
DA:84,1
DA:87,0
DA:88,0
DA:89,0
DA:91,0
DA:92,2
DA:93,1
DA:94,2
DA:95,1
DA:96,1
DA:97,1
DA:98,1
DA:99,1
DA:100,1
DA:102,0
DA:103,0
DA:105,1
DA:106,2
DA:109,0
DA:110,1
DA:112,0
DA:113,0
DA:116,1
DA:118,0
DA:119,1
DA:121,0
DA:127,0
DA:144,0
DA:145,0
DA:146,0
DA:147,0
DA:149,0
DA:151,0
DA:152,0
DA:153,0
DA:154,0
DA:155,0
DA:158,0
DA:161,0
DA:163,0
DA:164,0
DA:166,0
DA:168,0
DA:170,0
DA:175,0
DA:176,0
DA:177,0
DA:178,0
DA:179,0
DA:180,0
DA:181,0
DA:182,0
DA:183,0
DA:184,0
DA:185,0
DA:186,0
DA:187,0
DA:188,0
DA:189,0
DA:190,0
LF:79
LH:21
end_of_record
SF:lib/ui/components/section_header.dart
DA:6,2
DA:19,1
DA:21,1
DA:23,1
DA:24,1
DA:25,1
DA:27,1
DA:28,5
DA:29,2
DA:31,1
DA:32,1
DA:33,4
DA:41,1
DA:42,0
LF:14
LH:13
end_of_record
SF:lib/ui/components/user_avatar.dart
DA:7,2
DA:15,2
DA:21,2
DA:23,2
DA:34,2
DA:35,2
DA:36,2
DA:37,4
DA:38,6
DA:39,2
DA:40,2
DA:41,2
DA:44,10
DA:47,2
DA:49,2
DA:50,2
DA:51,2
DA:52,4
DA:53,2
DA:55,2
DA:56,2
DA:57,2
DA:58,2
DA:60,2
DA:61,2
DA:62,2
DA:63,4
DA:68,2
DA:69,0
DA:72,0
DA:73,0
DA:74,0
DA:75,0
DA:78,0
DA:79,0
DA:93,1
DA:104,1
DA:106,2
DA:107,0
DA:109,0
DA:110,0
DA:113,0
DA:116,0
DA:121,4
DA:122,4
DA:123,2
DA:124,2
DA:126,1
DA:127,5
DA:128,1
DA:130,1
DA:133,1
DA:134,1
DA:135,3
DA:136,1
DA:137,2
DA:138,1
DA:139,1
DA:141,1
DA:142,3
DA:146,3
DA:149,1
DA:150,0
DA:151,0
DA:152,0
DA:153,0
DA:156,0
DA:157,0
DA:158,0
DA:159,0
LF:70
LH:50
end_of_record
SF:lib/widgets/department_form_dialog.dart
DA:7,0
DA:19,1
DA:42,1
DA:43,1
DA:54,1
DA:56,1
DA:57,4
DA:58,4
DA:59,3
DA:62,1
DA:64,2
DA:65,1
DA:68,1
DA:69,1
DA:72,2
DA:73,1
DA:77,0
DA:78,0
DA:79,0
DA:80,0
DA:84,0
DA:85,0
DA:86,0
DA:87,0
DA:88,0
DA:91,0
DA:92,0
DA:95,0
DA:98,0
DA:99,0
DA:100,0
DA:105,1
DA:107,1
DA:108,3
DA:109,1
DA:110,2
DA:111,1
DA:112,1
DA:114,1
DA:115,1
DA:118,1
DA:119,1
DA:120,1
DA:121,1
DA:131,0
DA:133,2
DA:134,0
DA:140,0
DA:141,0
DA:143,0
DA:146,0
DA:148,0
DA:155,0
DA:156,0
DA:158,0
DA:159,0
DA:162,0
DA:163,0
DA:164,0
DA:166,0
DA:167,0
DA:169,0
DA:170,0
DA:171,0
DA:172,0
DA:174,0
DA:181,1
DA:183,0
DA:184,0
DA:185,0
DA:186,0
DA:195,1
DA:196,1
DA:197,1
DA:200,1
DA:201,2
DA:202,1
DA:207,3
LF:78
LH:37
end_of_record
SF:lib/widgets/task_form_dialog.dart
DA:12,0
DA:28,1
DA:55,1
DA:56,1
DA:69,1
DA:71,1
DA:72,4
DA:73,2
DA:74,2
DA:76,1
DA:77,3
DA:78,5
DA:80,2
DA:81,0
DA:82,3
DA:83,4
DA:84,1
DA:87,1
DA:89,2
DA:90,2
DA:91,1
DA:94,0
DA:95,0
DA:96,0
DA:103,1
DA:104,2
DA:105,5
DA:106,1
DA:109,1
DA:110,1
DA:111,1
DA:112,4
DA:113,2
DA:116,1
DA:117,1
DA:120,2
DA:121,1
DA:125,0
DA:130,0
DA:131,0
DA:132,0
DA:133,0
DA:137,0
DA:138,0
DA:139,0
DA:140,0
DA:141,0
DA:142,0
DA:144,0
DA:147,0
DA:148,0
DA:151,0
DA:152,0
DA:155,0
DA:158,0
DA:159,0
DA:160,0
DA:165,1
DA:167,3
DA:168,1
DA:169,2
DA:170,2
DA:171,1
DA:172,1
DA:173,1
DA:174,2
DA:175,1
DA:176,2
DA:177,1
DA:178,1
DA:179,1
DA:180,1
DA:181,0
DA:182,0
DA:183,0
DA:184,0
DA:187,0
DA:188,0
DA:190,0
DA:192,0
DA:196,0
DA:197,0
DA:198,1
DA:202,0
DA:205,1
DA:206,1
DA:215,1
DA:253,1
DA:255,1
DA:256,2
DA:257,1
DA:258,1
DA:260,2
DA:263,2
DA:265,1
DA:267,1
DA:269,1
DA:270,3
DA:273,1
DA:274,1
DA:275,1
DA:276,1
DA:277,2
DA:282,1
DA:284,1
DA:285,2
DA:286,1
DA:295,3
DA:302,1
DA:303,1
DA:305,1
DA:308,1
DA:314,1
DA:315,1
DA:316,1
DA:328,1
DA:329,1
DA:330,1
DA:352,1
DA:353,2
DA:354,1
DA:360,1
DA:361,1
DA:362,2
DA:363,1
DA:364,2
DA:367,1
DA:368,1
DA:370,5
DA:375,1
DA:377,0
DA:379,0
DA:384,4
DA:386,1
DA:387,2
DA:390,1
DA:392,3
DA:395,2
DA:396,0
DA:401,1
DA:404,1
DA:405,2
DA:406,3
DA:407,1
DA:410,1
DA:411,2
DA:412,1
DA:414,0
DA:417,1
DA:419,1
DA:420,1
DA:424,1
DA:425,1
DA:426,1
DA:427,1
DA:428,1
DA:431,1
DA:433,2
DA:437,1
DA:438,1
DA:441,1
DA:443,2
DA:447,1
DA:448,1
DA:451,1
DA:453,2
DA:458,1
DA:460,0
DA:462,0
DA:474,1
DA:488,1
DA:490,3
DA:491,1
DA:494,2
DA:495,1
DA:496,1
DA:497,1
DA:498,1
DA:501,1
DA:503,2
DA:504,3
DA:505,1
DA:506,1
DA:507,1
DA:511,1
DA:513,1
DA:514,1
DA:517,2
DA:520,1
DA:521,1
DA:522,4
DA:523,1
DA:535,2
DA:545,0
DA:547,0
DA:549,0
DA:550,0
DA:551,0
DA:552,0
DA:554,0
DA:556,0
DA:557,0
DA:559,0
DA:560,0
DA:561,0
DA:562,0
DA:564,0
LF:207
LH:151
end_of_record
SF:lib/widgets/user_form_dialog.dart
DA:8,0
DA:26,1
DA:41,2
DA:43,1
DA:44,1
DA:59,6
DA:61,1
DA:63,1
DA:64,2
DA:65,2
DA:66,2
DA:67,2
DA:68,1
DA:69,1
DA:70,1
DA:71,1
DA:72,0
DA:74,1
DA:75,5
DA:76,6
DA:80,1
DA:82,2
DA:83,2
DA:84,2
DA:85,1
DA:88,1
DA:89,1
DA:92,2
DA:93,1
DA:97,0
DA:98,0
DA:99,0
DA:100,0
DA:104,0
DA:105,0
DA:106,0
DA:107,0
DA:108,0
DA:109,0
DA:111,0
DA:112,0
DA:113,0
DA:114,0
DA:117,0
DA:118,0
DA:121,0
DA:124,0
DA:125,0
DA:126,0
DA:131,1
DA:133,2
DA:134,1
DA:135,3
DA:136,1
DA:138,1
DA:139,1
DA:141,1
DA:142,1
DA:145,1
DA:146,1
DA:147,1
DA:148,1
DA:159,2
DA:160,1
DA:161,1
DA:162,1
DA:174,0
DA:179,0
DA:181,1
DA:182,1
DA:183,1
DA:184,1
DA:186,1
DA:188,1
DA:189,2
DA:193,1
DA:194,1
DA:197,1
DA:199,0
DA:200,0
DA:201,1
DA:202,1
DA:208,2
DA:210,2
DA:212,0
DA:214,1
DA:217,1
DA:224,1
DA:225,2
DA:227,0
DA:229,2
DA:230,0
DA:233,0
DA:236,0
DA:237,0
DA:239,0
DA:241,1
DA:242,1
DA:244,3
DA:246,1
DA:249,1
DA:250,1
DA:251,2
DA:252,2
DA:255,1
DA:256,1
DA:258,1
DA:259,3
DA:260,2
DA:263,2
DA:264,1
DA:265,2
DA:267,2
DA:268,1
DA:270,1
DA:272,0
DA:273,0
DA:274,0
DA:276,0
DA:277,0
DA:280,0
DA:281,0
DA:286,1
DA:287,0
DA:289,0
DA:290,0
DA:291,0
DA:292,0
DA:301,1
DA:303,0
DA:304,0
DA:305,0
DA:306,0
DA:315,1
DA:316,1
DA:317,1
DA:320,1
DA:321,2
DA:322,1
DA:327,3
LF:140
LH:91
end_of_record
SF:lib/ui/components/task_badges.dart
DA:8,2
DA:17,6
DA:18,2
DA:19,0
DA:23,6
DA:24,2
DA:25,0
DA:29,2
DA:31,2
DA:32,2
DA:33,4
DA:34,2
DA:35,2
DA:36,2
DA:37,2
DA:39,2
DA:40,2
DA:41,2
DA:43,2
DA:45,2
DA:46,2
DA:49,2
DA:52,2
DA:53,2
DA:54,8
DA:67,2
DA:72,6
DA:73,2
DA:74,2
DA:78,6
DA:79,2
DA:80,2
DA:84,6
DA:85,2
DA:86,2
DA:90,2
DA:92,2
DA:93,2
DA:94,4
DA:95,2
DA:96,2
DA:97,2
DA:98,2
DA:100,2
DA:101,2
DA:102,2
DA:103,4
DA:105,2
DA:107,2
DA:108,6
DA:110,2
DA:111,2
DA:112,8
DA:125,1
DA:129,1
DA:131,1
DA:132,1
DA:137,0
DA:142,0
DA:147,0
DA:152,0
DA:159,1
DA:160,1
DA:161,1
DA:163,1
DA:164,1
DA:166,1
DA:168,1
DA:170,3
LF:69
LH:63
end_of_record
SF:lib/ui/theme/checktap_theme.dart
DA:7,3
DA:8,3
DA:18,3
DA:27,3
DA:28,6
DA:39,3
DA:44,3
DA:45,3
DA:54,3
DA:66,3
DA:67,3
DA:70,3
DA:71,3
DA:74,3
DA:75,3
DA:81,3
DA:82,3
DA:85,3
DA:86,3
DA:93,3
DA:94,3
DA:103,3
DA:104,3
DA:109,3
DA:110,3
DA:114,3
DA:115,3
DA:120,3
DA:121,3
DA:133,3
DA:139,3
DA:140,0
DA:141,0
DA:147,3
DA:148,0
DA:149,0
DA:169,3
DA:173,3
DA:174,3
DA:177,3
DA:181,3
DA:182,3
DA:185,3
DA:190,3
DA:191,3
DA:211,0
DA:212,0
DA:222,0
DA:230,0
DA:231,0
DA:238,0
DA:243,0
DA:244,0
DA:248,0
DA:251,0
DA:252,0
DA:255,0
DA:256,0
DA:259,0
DA:260,0
DA:261,0
DA:264,0
DA:268,0
DA:275,3
DA:276,3
DA:277,6
DA:281,3
DA:283,6
DA:287,3
DA:289,6
DA:293,3
DA:295,6
DA:300,6
DA:305,6
DA:310,6
DA:315,6
DA:320,6
DA:325,6
DA:330,6
DA:335,6
LF:80
LH:58
end_of_record
SF:lib/ui/components/task_card.dart
DA:10,1
DA:35,4
DA:36,1
DA:37,0
DA:41,1
DA:43,3
DA:44,1
DA:46,1
DA:47,1
DA:50,11
DA:51,1
DA:53,1
DA:54,1
DA:55,1
DA:56,1
DA:57,1
DA:58,3
DA:59,1
DA:60,1
DA:61,1
DA:62,1
DA:63,1
DA:69,1
DA:70,1
DA:71,1
DA:75,1
DA:77,1
DA:78,1
DA:85,1
DA:86,1
DA:87,1
DA:92,1
DA:94,1
DA:95,1
DA:97,1
DA:98,1
DA:99,1
DA:100,2
DA:101,1
DA:103,3
DA:104,1
DA:113,1
DA:114,2
DA:119,1
DA:120,5
DA:121,1
DA:123,1
DA:124,2
DA:127,3
DA:128,1
DA:131,1
DA:132,1
DA:133,1
DA:140,1
DA:141,1
DA:142,3
DA:145,3
DA:146,1
DA:150,3
DA:153,1
DA:154,1
DA:155,1
DA:156,1
DA:157,1
DA:158,2
DA:164,3
DA:167,2
DA:169,0
DA:170,0
DA:173,0
DA:174,0
DA:177,2
DA:179,1
DA:180,1
DA:181,1
DA:182,1
DA:183,1
DA:184,1
DA:185,1
DA:186,1
DA:187,1
DA:188,1
DA:205,1
DA:227,1
DA:229,3
DA:230,1
DA:234,1
DA:235,1
DA:236,1
DA:237,2
DA:238,2
DA:240,3
DA:241,0
DA:243,0
DA:246,4
DA:247,1
DA:249,1
DA:252,1
DA:253,1
DA:254,1
DA:258,0
DA:259,0
DA:260,0
LF:103
LH:93
end_of_record
